10-Dec-2018 17:00:53.062 信息 [main] org.apache.catalina.startup.VersionLoggerListener.log Server version:        Apache Tomcat/9.0.13
10-Dec-2018 17:00:53.067 信息 [main] org.apache.catalina.startup.VersionLoggerListener.log Server built:          Nov 2 2018 14:27:55 UTC
10-Dec-2018 17:00:53.069 信息 [main] org.apache.catalina.startup.VersionLoggerListener.log Server number:         9.0.13.0
10-Dec-2018 17:00:53.069 信息 [main] org.apache.catalina.startup.VersionLoggerListener.log OS Name:               Windows 10
10-Dec-2018 17:00:53.070 信息 [main] org.apache.catalina.startup.VersionLoggerListener.log OS Version:            10.0
10-Dec-2018 17:00:53.070 信息 [main] org.apache.catalina.startup.VersionLoggerListener.log Architecture:          amd64
10-Dec-2018 17:00:53.070 信息 [main] org.apache.catalina.startup.VersionLoggerListener.log Java Home:             C:\Program Files\Java\jdk-10.0.2
10-Dec-2018 17:00:53.071 信息 [main] org.apache.catalina.startup.VersionLoggerListener.log JVM Version:           10.0.2+13
10-Dec-2018 17:00:53.071 信息 [main] org.apache.catalina.startup.VersionLoggerListener.log JVM Vendor:            "Oracle Corporation"
10-Dec-2018 17:00:53.072 信息 [main] org.apache.catalina.startup.VersionLoggerListener.log CATALINA_BASE:         C:\work\package\apache-tomcat-9.0.13-windows-x64\apache-tomcat-9.0.13
10-Dec-2018 17:00:53.072 信息 [main] org.apache.catalina.startup.VersionLoggerListener.log CATALINA_HOME:         C:\work\package\apache-tomcat-9.0.13-windows-x64\apache-tomcat-9.0.13
10-Dec-2018 17:00:53.072 信息 [main] org.apache.catalina.startup.VersionLoggerListener.log Command line argument: --add-opens=java.base/java.lang=ALL-UNNAMED
10-Dec-2018 17:00:53.072 信息 [main] org.apache.catalina.startup.VersionLoggerListener.log Command line argument: --add-opens=java.base/java.io=ALL-UNNAMED
10-Dec-2018 17:00:53.073 信息 [main] org.apache.catalina.startup.VersionLoggerListener.log Command line argument: --add-opens=java.rmi/sun.rmi.transport=ALL-UNNAMED
10-Dec-2018 17:00:53.073 信息 [main] org.apache.catalina.startup.VersionLoggerListener.log Command line argument: -Djava.util.logging.config.file=C:\work\package\apache-tomcat-9.0.13-windows-x64\apache-tomcat-9.0.13\conf\logging.properties
10-Dec-2018 17:00:53.073 信息 [main] org.apache.catalina.startup.VersionLoggerListener.log Command line argument: -Djava.util.logging.manager=org.apache.juli.ClassLoaderLogManager
10-Dec-2018 17:00:53.074 信息 [main] org.apache.catalina.startup.VersionLoggerListener.log Command line argument: -Djdk.tls.ephemeralDHKeySize=2048
10-Dec-2018 17:00:53.075 信息 [main] org.apache.catalina.startup.VersionLoggerListener.log Command line argument: -Djava.protocol.handler.pkgs=org.apache.catalina.webresources
10-Dec-2018 17:00:53.076 信息 [main] org.apache.catalina.startup.VersionLoggerListener.log Command line argument: -Dignore.endorsed.dirs=
10-Dec-2018 17:00:53.077 信息 [main] org.apache.catalina.startup.VersionLoggerListener.log Command line argument: -Dcatalina.base=C:\work\package\apache-tomcat-9.0.13-windows-x64\apache-tomcat-9.0.13
10-Dec-2018 17:00:53.082 信息 [main] org.apache.catalina.startup.VersionLoggerListener.log Command line argument: -Dcatalina.home=C:\work\package\apache-tomcat-9.0.13-windows-x64\apache-tomcat-9.0.13
10-Dec-2018 17:00:53.084 信息 [main] org.apache.catalina.startup.VersionLoggerListener.log Command line argument: -Djava.io.tmpdir=C:\work\package\apache-tomcat-9.0.13-windows-x64\apache-tomcat-9.0.13\temp
10-Dec-2018 17:00:53.084 信息 [main] org.apache.catalina.core.AprLifecycleListener.lifecycleEvent Loaded APR based Apache Tomcat Native library [1.2.18] using APR version [1.6.5].
10-Dec-2018 17:00:53.085 信息 [main] org.apache.catalina.core.AprLifecycleListener.lifecycleEvent APR capabilities: IPv6 [true], sendfile [true], accept filters [false], random [true].
10-Dec-2018 17:00:53.088 信息 [main] org.apache.catalina.core.AprLifecycleListener.lifecycleEvent APR/OpenSSL configuration: useAprConnector [false], useOpenSSL [true]
10-Dec-2018 17:00:53.094 信息 [main] org.apache.catalina.core.AprLifecycleListener.initializeSSL OpenSSL successfully initialized [OpenSSL 1.1.1  11 Sep 2018]
10-Dec-2018 17:00:53.149 信息 [main] org.apache.coyote.AbstractProtocol.init Initializing ProtocolHandler ["http-nio-8080"]
10-Dec-2018 17:00:53.307 信息 [main] org.apache.tomcat.util.net.NioSelectorPool.getSharedSelector Using a shared selector for servlet write/read
10-Dec-2018 17:00:53.322 信息 [main] org.apache.coyote.AbstractProtocol.init Initializing ProtocolHandler ["ajp-nio-8009"]
10-Dec-2018 17:00:53.326 信息 [main] org.apache.tomcat.util.net.NioSelectorPool.getSharedSelector Using a shared selector for servlet write/read
10-Dec-2018 17:00:53.327 信息 [main] org.apache.catalina.startup.Catalina.load Initialization processed in 731 ms
10-Dec-2018 17:00:53.410 信息 [main] org.apache.catalina.core.StandardService.startInternal Starting service [Catalina]
10-Dec-2018 17:00:53.410 信息 [main] org.apache.catalina.core.StandardEngine.startInternal Starting Servlet Engine: Apache Tomcat/9.0.13
10-Dec-2018 17:00:53.425 信息 [main] org.apache.catalina.startup.HostConfig.deployDirectory Deploying web application directory [C:\work\package\apache-tomcat-9.0.13-windows-x64\apache-tomcat-9.0.13\webapps\docs]
10-Dec-2018 17:00:53.912 信息 [main] org.apache.catalina.startup.HostConfig.deployDirectory Deployment of web application directory [C:\work\package\apache-tomcat-9.0.13-windows-x64\apache-tomcat-9.0.13\webapps\docs] has finished in [486] ms
10-Dec-2018 17:00:53.913 信息 [main] org.apache.catalina.startup.HostConfig.deployDirectory Deploying web application directory [C:\work\package\apache-tomcat-9.0.13-windows-x64\apache-tomcat-9.0.13\webapps\examples]
10-Dec-2018 17:00:54.517 信息 [main] org.apache.catalina.startup.HostConfig.deployDirectory Deployment of web application directory [C:\work\package\apache-tomcat-9.0.13-windows-x64\apache-tomcat-9.0.13\webapps\examples] has finished in [603] ms
10-Dec-2018 17:00:54.517 信息 [main] org.apache.catalina.startup.HostConfig.deployDirectory Deploying web application directory [C:\work\package\apache-tomcat-9.0.13-windows-x64\apache-tomcat-9.0.13\webapps\host-manager]
10-Dec-2018 17:00:54.574 信息 [main] org.apache.catalina.startup.HostConfig.deployDirectory Deployment of web application directory [C:\work\package\apache-tomcat-9.0.13-windows-x64\apache-tomcat-9.0.13\webapps\host-manager] has finished in [57] ms
10-Dec-2018 17:00:54.575 信息 [main] org.apache.catalina.startup.HostConfig.deployDirectory Deploying web application directory [C:\work\package\apache-tomcat-9.0.13-windows-x64\apache-tomcat-9.0.13\webapps\manager]
10-Dec-2018 17:00:54.631 信息 [main] org.apache.catalina.startup.HostConfig.deployDirectory Deployment of web application directory [C:\work\package\apache-tomcat-9.0.13-windows-x64\apache-tomcat-9.0.13\webapps\manager] has finished in [55] ms
10-Dec-2018 17:00:54.631 信息 [main] org.apache.catalina.startup.HostConfig.deployDirectory Deploying web application directory [C:\work\package\apache-tomcat-9.0.13-windows-x64\apache-tomcat-9.0.13\webapps\ROOT]
10-Dec-2018 17:00:54.678 信息 [main] org.apache.catalina.startup.HostConfig.deployDirectory Deployment of web application directory [C:\work\package\apache-tomcat-9.0.13-windows-x64\apache-tomcat-9.0.13\webapps\ROOT] has finished in [47] ms
10-Dec-2018 17:00:54.683 信息 [main] org.apache.coyote.AbstractProtocol.start Starting ProtocolHandler ["http-nio-8080"]
10-Dec-2018 17:00:54.699 信息 [main] org.apache.coyote.AbstractProtocol.start Starting ProtocolHandler ["ajp-nio-8009"]
10-Dec-2018 17:00:54.707 信息 [main] org.apache.catalina.startup.Catalina.start Server startup in 1378 ms
10-Dec-2018 17:04:06.352 信息 [main] org.apache.catalina.startup.VersionLoggerListener.log Server version:        Apache Tomcat/9.0.13
10-Dec-2018 17:04:06.359 信息 [main] org.apache.catalina.startup.VersionLoggerListener.log Server built:          Nov 2 2018 14:27:55 UTC
10-Dec-2018 17:04:06.360 信息 [main] org.apache.catalina.startup.VersionLoggerListener.log Server number:         9.0.13.0
10-Dec-2018 17:04:06.360 信息 [main] org.apache.catalina.startup.VersionLoggerListener.log OS Name:               Windows 10
10-Dec-2018 17:04:06.360 信息 [main] org.apache.catalina.startup.VersionLoggerListener.log OS Version:            10.0
10-Dec-2018 17:04:06.361 信息 [main] org.apache.catalina.startup.VersionLoggerListener.log Architecture:          amd64
10-Dec-2018 17:04:06.361 信息 [main] org.apache.catalina.startup.VersionLoggerListener.log Java Home:             C:\Program Files\Java\jdk-10.0.2
10-Dec-2018 17:04:06.361 信息 [main] org.apache.catalina.startup.VersionLoggerListener.log JVM Version:           10.0.2+13
10-Dec-2018 17:04:06.362 信息 [main] org.apache.catalina.startup.VersionLoggerListener.log JVM Vendor:            "Oracle Corporation"
10-Dec-2018 17:04:06.362 信息 [main] org.apache.catalina.startup.VersionLoggerListener.log CATALINA_BASE:         C:\work\package\apache-tomcat-9.0.13-windows-x64\apache-tomcat-9.0.13
10-Dec-2018 17:04:06.362 信息 [main] org.apache.catalina.startup.VersionLoggerListener.log CATALINA_HOME:         C:\work\package\apache-tomcat-9.0.13-windows-x64\apache-tomcat-9.0.13
10-Dec-2018 17:04:06.363 信息 [main] org.apache.catalina.startup.VersionLoggerListener.log Command line argument: --add-opens=java.base/java.lang=ALL-UNNAMED
10-Dec-2018 17:04:06.363 信息 [main] org.apache.catalina.startup.VersionLoggerListener.log Command line argument: --add-opens=java.base/java.io=ALL-UNNAMED
10-Dec-2018 17:04:06.363 信息 [main] org.apache.catalina.startup.VersionLoggerListener.log Command line argument: --add-opens=java.rmi/sun.rmi.transport=ALL-UNNAMED
10-Dec-2018 17:04:06.364 信息 [main] org.apache.catalina.startup.VersionLoggerListener.log Command line argument: -Djava.util.logging.config.file=C:\work\package\apache-tomcat-9.0.13-windows-x64\apache-tomcat-9.0.13\conf\logging.properties
10-Dec-2018 17:04:06.364 信息 [main] org.apache.catalina.startup.VersionLoggerListener.log Command line argument: -Djava.util.logging.manager=org.apache.juli.ClassLoaderLogManager
10-Dec-2018 17:04:06.365 信息 [main] org.apache.catalina.startup.VersionLoggerListener.log Command line argument: -Djdk.tls.ephemeralDHKeySize=2048
10-Dec-2018 17:04:06.365 信息 [main] org.apache.catalina.startup.VersionLoggerListener.log Command line argument: -Djava.protocol.handler.pkgs=org.apache.catalina.webresources
10-Dec-2018 17:04:06.366 信息 [main] org.apache.catalina.startup.VersionLoggerListener.log Command line argument: -Dignore.endorsed.dirs=
10-Dec-2018 17:04:06.367 信息 [main] org.apache.catalina.startup.VersionLoggerListener.log Command line argument: -Dcatalina.base=C:\work\package\apache-tomcat-9.0.13-windows-x64\apache-tomcat-9.0.13
10-Dec-2018 17:04:06.367 信息 [main] org.apache.catalina.startup.VersionLoggerListener.log Command line argument: -Dcatalina.home=C:\work\package\apache-tomcat-9.0.13-windows-x64\apache-tomcat-9.0.13
10-Dec-2018 17:04:06.372 信息 [main] org.apache.catalina.startup.VersionLoggerListener.log Command line argument: -Djava.io.tmpdir=C:\work\package\apache-tomcat-9.0.13-windows-x64\apache-tomcat-9.0.13\temp
10-Dec-2018 17:04:06.373 信息 [main] org.apache.catalina.core.AprLifecycleListener.lifecycleEvent Loaded APR based Apache Tomcat Native library [1.2.18] using APR version [1.6.5].
10-Dec-2018 17:04:06.375 信息 [main] org.apache.catalina.core.AprLifecycleListener.lifecycleEvent APR capabilities: IPv6 [true], sendfile [true], accept filters [false], random [true].
10-Dec-2018 17:04:06.376 信息 [main] org.apache.catalina.core.AprLifecycleListener.lifecycleEvent APR/OpenSSL configuration: useAprConnector [false], useOpenSSL [true]
10-Dec-2018 17:04:06.384 信息 [main] org.apache.catalina.core.AprLifecycleListener.initializeSSL OpenSSL successfully initialized [OpenSSL 1.1.1  11 Sep 2018]
10-Dec-2018 17:04:06.444 信息 [main] org.apache.coyote.AbstractProtocol.init Initializing ProtocolHandler ["http-nio-8080"]
10-Dec-2018 17:04:06.567 信息 [main] org.apache.tomcat.util.net.NioSelectorPool.getSharedSelector Using a shared selector for servlet write/read
10-Dec-2018 17:04:06.581 信息 [main] org.apache.coyote.AbstractProtocol.init Initializing ProtocolHandler ["ajp-nio-8009"]
10-Dec-2018 17:04:06.585 信息 [main] org.apache.tomcat.util.net.NioSelectorPool.getSharedSelector Using a shared selector for servlet write/read
10-Dec-2018 17:04:06.586 信息 [main] org.apache.catalina.startup.Catalina.load Initialization processed in 681 ms
10-Dec-2018 17:04:06.656 信息 [main] org.apache.catalina.core.StandardService.startInternal Starting service [Catalina]
10-Dec-2018 17:04:06.656 信息 [main] org.apache.catalina.core.StandardEngine.startInternal Starting Servlet Engine: Apache Tomcat/9.0.13
10-Dec-2018 17:04:06.670 信息 [main] org.apache.catalina.startup.HostConfig.deployDirectory Deploying web application directory [C:\work\package\apache-tomcat-9.0.13-windows-x64\apache-tomcat-9.0.13\webapps\docs]
10-Dec-2018 17:04:07.092 信息 [main] org.apache.catalina.startup.HostConfig.deployDirectory Deployment of web application directory [C:\work\package\apache-tomcat-9.0.13-windows-x64\apache-tomcat-9.0.13\webapps\docs] has finished in [421] ms
10-Dec-2018 17:04:07.092 信息 [main] org.apache.catalina.startup.HostConfig.deployDirectory Deploying web application directory [C:\work\package\apache-tomcat-9.0.13-windows-x64\apache-tomcat-9.0.13\webapps\examples]
10-Dec-2018 17:04:07.614 信息 [main] org.apache.catalina.startup.HostConfig.deployDirectory Deployment of web application directory [C:\work\package\apache-tomcat-9.0.13-windows-x64\apache-tomcat-9.0.13\webapps\examples] has finished in [522] ms
10-Dec-2018 17:04:07.615 信息 [main] org.apache.catalina.startup.HostConfig.deployDirectory Deploying web application directory [C:\work\package\apache-tomcat-9.0.13-windows-x64\apache-tomcat-9.0.13\webapps\host-manager]
10-Dec-2018 17:04:07.670 信息 [main] org.apache.catalina.startup.HostConfig.deployDirectory Deployment of web application directory [C:\work\package\apache-tomcat-9.0.13-windows-x64\apache-tomcat-9.0.13\webapps\host-manager] has finished in [55] ms
10-Dec-2018 17:04:07.671 信息 [main] org.apache.catalina.startup.HostConfig.deployDirectory Deploying web application directory [C:\work\package\apache-tomcat-9.0.13-windows-x64\apache-tomcat-9.0.13\webapps\manager]
10-Dec-2018 17:04:07.720 信息 [main] org.apache.catalina.startup.HostConfig.deployDirectory Deployment of web application directory [C:\work\package\apache-tomcat-9.0.13-windows-x64\apache-tomcat-9.0.13\webapps\manager] has finished in [49] ms
10-Dec-2018 17:04:07.721 信息 [main] org.apache.catalina.startup.HostConfig.deployDirectory Deploying web application directory [C:\work\package\apache-tomcat-9.0.13-windows-x64\apache-tomcat-9.0.13\webapps\ROOT]
10-Dec-2018 17:04:07.762 信息 [main] org.apache.catalina.startup.HostConfig.deployDirectory Deployment of web application directory [C:\work\package\apache-tomcat-9.0.13-windows-x64\apache-tomcat-9.0.13\webapps\ROOT] has finished in [41] ms
10-Dec-2018 17:04:07.765 信息 [main] org.apache.coyote.AbstractProtocol.start Starting ProtocolHandler ["http-nio-8080"]
10-Dec-2018 17:04:07.780 信息 [main] org.apache.coyote.AbstractProtocol.start Starting ProtocolHandler ["ajp-nio-8009"]
10-Dec-2018 17:04:07.785 信息 [main] org.apache.catalina.startup.Catalina.start Server startup in 1197 ms
10-Dec-2018 17:08:47.980 信息 [main] org.apache.catalina.startup.VersionLoggerListener.log Server version:        Apache Tomcat/9.0.13
10-Dec-2018 17:08:47.986 信息 [main] org.apache.catalina.startup.VersionLoggerListener.log Server built:          Nov 2 2018 14:27:55 UTC
10-Dec-2018 17:08:47.987 信息 [main] org.apache.catalina.startup.VersionLoggerListener.log Server number:         9.0.13.0
10-Dec-2018 17:08:47.988 信息 [main] org.apache.catalina.startup.VersionLoggerListener.log OS Name:               Windows 10
10-Dec-2018 17:08:47.989 信息 [main] org.apache.catalina.startup.VersionLoggerListener.log OS Version:            10.0
10-Dec-2018 17:08:47.990 信息 [main] org.apache.catalina.startup.VersionLoggerListener.log Architecture:          amd64
10-Dec-2018 17:08:47.990 信息 [main] org.apache.catalina.startup.VersionLoggerListener.log Java Home:             C:\Program Files\Java\jdk-10.0.2
10-Dec-2018 17:08:47.990 信息 [main] org.apache.catalina.startup.VersionLoggerListener.log JVM Version:           10.0.2+13
10-Dec-2018 17:08:47.990 信息 [main] org.apache.catalina.startup.VersionLoggerListener.log JVM Vendor:            "Oracle Corporation"
10-Dec-2018 17:08:47.990 信息 [main] org.apache.catalina.startup.VersionLoggerListener.log CATALINA_BASE:         C:\work\package\apache-tomcat-9.0.13-windows-x64\apache-tomcat-9.0.13
10-Dec-2018 17:08:47.991 信息 [main] org.apache.catalina.startup.VersionLoggerListener.log CATALINA_HOME:         C:\work\package\apache-tomcat-9.0.13-windows-x64\apache-tomcat-9.0.13
10-Dec-2018 17:08:47.991 信息 [main] org.apache.catalina.startup.VersionLoggerListener.log Command line argument: --add-opens=java.base/java.lang=ALL-UNNAMED
10-Dec-2018 17:08:47.991 信息 [main] org.apache.catalina.startup.VersionLoggerListener.log Command line argument: --add-opens=java.base/java.io=ALL-UNNAMED
10-Dec-2018 17:08:47.992 信息 [main] org.apache.catalina.startup.VersionLoggerListener.log Command line argument: --add-opens=java.rmi/sun.rmi.transport=ALL-UNNAMED
10-Dec-2018 17:08:47.992 信息 [main] org.apache.catalina.startup.VersionLoggerListener.log Command line argument: -Djava.util.logging.config.file=C:\work\package\apache-tomcat-9.0.13-windows-x64\apache-tomcat-9.0.13\conf\logging.properties
10-Dec-2018 17:08:47.992 信息 [main] org.apache.catalina.startup.VersionLoggerListener.log Command line argument: -Djava.util.logging.manager=org.apache.juli.ClassLoaderLogManager
10-Dec-2018 17:08:47.993 信息 [main] org.apache.catalina.startup.VersionLoggerListener.log Command line argument: -Djdk.tls.ephemeralDHKeySize=2048
10-Dec-2018 17:08:47.994 信息 [main] org.apache.catalina.startup.VersionLoggerListener.log Command line argument: -Djava.protocol.handler.pkgs=org.apache.catalina.webresources
10-Dec-2018 17:08:47.999 信息 [main] org.apache.catalina.startup.VersionLoggerListener.log Command line argument: -Dignore.endorsed.dirs=
10-Dec-2018 17:08:48.002 信息 [main] org.apache.catalina.startup.VersionLoggerListener.log Command line argument: -Dcatalina.base=C:\work\package\apache-tomcat-9.0.13-windows-x64\apache-tomcat-9.0.13
10-Dec-2018 17:08:48.002 信息 [main] org.apache.catalina.startup.VersionLoggerListener.log Command line argument: -Dcatalina.home=C:\work\package\apache-tomcat-9.0.13-windows-x64\apache-tomcat-9.0.13
10-Dec-2018 17:08:48.004 信息 [main] org.apache.catalina.startup.VersionLoggerListener.log Command line argument: -Djava.io.tmpdir=C:\work\package\apache-tomcat-9.0.13-windows-x64\apache-tomcat-9.0.13\temp
10-Dec-2018 17:08:48.005 信息 [main] org.apache.catalina.core.AprLifecycleListener.lifecycleEvent Loaded APR based Apache Tomcat Native library [1.2.18] using APR version [1.6.5].
10-Dec-2018 17:08:48.007 信息 [main] org.apache.catalina.core.AprLifecycleListener.lifecycleEvent APR capabilities: IPv6 [true], sendfile [true], accept filters [false], random [true].
10-Dec-2018 17:08:48.008 信息 [main] org.apache.catalina.core.AprLifecycleListener.lifecycleEvent APR/OpenSSL configuration: useAprConnector [false], useOpenSSL [true]
10-Dec-2018 17:08:48.017 信息 [main] org.apache.catalina.core.AprLifecycleListener.initializeSSL OpenSSL successfully initialized [OpenSSL 1.1.1  11 Sep 2018]
10-Dec-2018 17:08:48.079 信息 [main] org.apache.coyote.AbstractProtocol.init Initializing ProtocolHandler ["http-nio-8080"]
10-Dec-2018 17:08:48.207 信息 [main] org.apache.tomcat.util.net.NioSelectorPool.getSharedSelector Using a shared selector for servlet write/read
10-Dec-2018 17:08:48.225 信息 [main] org.apache.coyote.AbstractProtocol.init Initializing ProtocolHandler ["ajp-nio-8009"]
10-Dec-2018 17:08:48.229 信息 [main] org.apache.tomcat.util.net.NioSelectorPool.getSharedSelector Using a shared selector for servlet write/read
10-Dec-2018 17:08:48.229 信息 [main] org.apache.catalina.startup.Catalina.load Initialization processed in 698 ms
10-Dec-2018 17:08:48.284 信息 [main] org.apache.catalina.core.StandardService.startInternal Starting service [Catalina]
10-Dec-2018 17:08:48.284 信息 [main] org.apache.catalina.core.StandardEngine.startInternal Starting Servlet Engine: Apache Tomcat/9.0.13
10-Dec-2018 17:08:48.298 信息 [main] org.apache.catalina.startup.HostConfig.deployDirectory Deploying web application directory [C:\work\package\apache-tomcat-9.0.13-windows-x64\apache-tomcat-9.0.13\webapps\docs]
10-Dec-2018 17:08:48.718 信息 [main] org.apache.catalina.startup.HostConfig.deployDirectory Deployment of web application directory [C:\work\package\apache-tomcat-9.0.13-windows-x64\apache-tomcat-9.0.13\webapps\docs] has finished in [420] ms
10-Dec-2018 17:08:48.719 信息 [main] org.apache.catalina.startup.HostConfig.deployDirectory Deploying web application directory [C:\work\package\apache-tomcat-9.0.13-windows-x64\apache-tomcat-9.0.13\webapps\examples]
10-Dec-2018 17:08:49.300 信息 [main] org.apache.catalina.startup.HostConfig.deployDirectory Deployment of web application directory [C:\work\package\apache-tomcat-9.0.13-windows-x64\apache-tomcat-9.0.13\webapps\examples] has finished in [581] ms
10-Dec-2018 17:08:49.300 信息 [main] org.apache.catalina.startup.HostConfig.deployDirectory Deploying web application directory [C:\work\package\apache-tomcat-9.0.13-windows-x64\apache-tomcat-9.0.13\webapps\host-manager]
10-Dec-2018 17:08:49.350 信息 [main] org.apache.catalina.startup.HostConfig.deployDirectory Deployment of web application directory [C:\work\package\apache-tomcat-9.0.13-windows-x64\apache-tomcat-9.0.13\webapps\host-manager] has finished in [50] ms
10-Dec-2018 17:08:49.351 信息 [main] org.apache.catalina.startup.HostConfig.deployDirectory Deploying web application directory [C:\work\package\apache-tomcat-9.0.13-windows-x64\apache-tomcat-9.0.13\webapps\manager]
10-Dec-2018 17:08:49.401 信息 [main] org.apache.catalina.startup.HostConfig.deployDirectory Deployment of web application directory [C:\work\package\apache-tomcat-9.0.13-windows-x64\apache-tomcat-9.0.13\webapps\manager] has finished in [51] ms
10-Dec-2018 17:08:49.402 信息 [main] org.apache.catalina.startup.HostConfig.deployDirectory Deploying web application directory [C:\work\package\apache-tomcat-9.0.13-windows-x64\apache-tomcat-9.0.13\webapps\ROOT]
10-Dec-2018 17:08:49.445 信息 [main] org.apache.catalina.startup.HostConfig.deployDirectory Deployment of web application directory [C:\work\package\apache-tomcat-9.0.13-windows-x64\apache-tomcat-9.0.13\webapps\ROOT] has finished in [43] ms
10-Dec-2018 17:08:49.448 信息 [main] org.apache.coyote.AbstractProtocol.start Starting ProtocolHandler ["http-nio-8080"]
10-Dec-2018 17:08:49.463 信息 [main] org.apache.coyote.AbstractProtocol.start Starting ProtocolHandler ["ajp-nio-8009"]
10-Dec-2018 17:08:49.468 信息 [main] org.apache.catalina.startup.Catalina.start Server startup in 1237 ms
10-Dec-2018 17:10:07.357 信息 [main] org.apache.catalina.startup.VersionLoggerListener.log Server version:        Apache Tomcat/9.0.13
10-Dec-2018 17:10:07.363 信息 [main] org.apache.catalina.startup.VersionLoggerListener.log Server built:          Nov 2 2018 14:27:55 UTC
10-Dec-2018 17:10:07.363 信息 [main] org.apache.catalina.startup.VersionLoggerListener.log Server number:         9.0.13.0
10-Dec-2018 17:10:07.364 信息 [main] org.apache.catalina.startup.VersionLoggerListener.log OS Name:               Windows 10
10-Dec-2018 17:10:07.364 信息 [main] org.apache.catalina.startup.VersionLoggerListener.log OS Version:            10.0
10-Dec-2018 17:10:07.364 信息 [main] org.apache.catalina.startup.VersionLoggerListener.log Architecture:          amd64
10-Dec-2018 17:10:07.365 信息 [main] org.apache.catalina.startup.VersionLoggerListener.log Java Home:             C:\Program Files\Java\jdk-10.0.2
10-Dec-2018 17:10:07.365 信息 [main] org.apache.catalina.startup.VersionLoggerListener.log JVM Version:           10.0.2+13
10-Dec-2018 17:10:07.365 信息 [main] org.apache.catalina.startup.VersionLoggerListener.log JVM Vendor:            "Oracle Corporation"
10-Dec-2018 17:10:07.365 信息 [main] org.apache.catalina.startup.VersionLoggerListener.log CATALINA_BASE:         C:\work\package\apache-tomcat-9.0.13-windows-x64\apache-tomcat-9.0.13
10-Dec-2018 17:10:07.366 信息 [main] org.apache.catalina.startup.VersionLoggerListener.log CATALINA_HOME:         C:\work\package\apache-tomcat-9.0.13-windows-x64\apache-tomcat-9.0.13
10-Dec-2018 17:10:07.366 信息 [main] org.apache.catalina.startup.VersionLoggerListener.log Command line argument: --add-opens=java.base/java.lang=ALL-UNNAMED
10-Dec-2018 17:10:07.367 信息 [main] org.apache.catalina.startup.VersionLoggerListener.log Command line argument: --add-opens=java.base/java.io=ALL-UNNAMED
10-Dec-2018 17:10:07.367 信息 [main] org.apache.catalina.startup.VersionLoggerListener.log Command line argument: --add-opens=java.rmi/sun.rmi.transport=ALL-UNNAMED
10-Dec-2018 17:10:07.367 信息 [main] org.apache.catalina.startup.VersionLoggerListener.log Command line argument: -Djava.util.logging.config.file=C:\work\package\apache-tomcat-9.0.13-windows-x64\apache-tomcat-9.0.13\conf\logging.properties
10-Dec-2018 17:10:07.368 信息 [main] org.apache.catalina.startup.VersionLoggerListener.log Command line argument: -Djava.util.logging.manager=org.apache.juli.ClassLoaderLogManager
10-Dec-2018 17:10:07.368 信息 [main] org.apache.catalina.startup.VersionLoggerListener.log Command line argument: -Djdk.tls.ephemeralDHKeySize=2048
10-Dec-2018 17:10:07.369 信息 [main] org.apache.catalina.startup.VersionLoggerListener.log Command line argument: -Djava.protocol.handler.pkgs=org.apache.catalina.webresources
10-Dec-2018 17:10:07.370 信息 [main] org.apache.catalina.startup.VersionLoggerListener.log Command line argument: -Dignore.endorsed.dirs=
10-Dec-2018 17:10:07.370 信息 [main] org.apache.catalina.startup.VersionLoggerListener.log Command line argument: -Dcatalina.base=C:\work\package\apache-tomcat-9.0.13-windows-x64\apache-tomcat-9.0.13
10-Dec-2018 17:10:07.371 信息 [main] org.apache.catalina.startup.VersionLoggerListener.log Command line argument: -Dcatalina.home=C:\work\package\apache-tomcat-9.0.13-windows-x64\apache-tomcat-9.0.13
10-Dec-2018 17:10:07.372 信息 [main] org.apache.catalina.startup.VersionLoggerListener.log Command line argument: -Djava.io.tmpdir=C:\work\package\apache-tomcat-9.0.13-windows-x64\apache-tomcat-9.0.13\temp
10-Dec-2018 17:10:07.378 信息 [main] org.apache.catalina.core.AprLifecycleListener.lifecycleEvent Loaded APR based Apache Tomcat Native library [1.2.18] using APR version [1.6.5].
10-Dec-2018 17:10:07.379 信息 [main] org.apache.catalina.core.AprLifecycleListener.lifecycleEvent APR capabilities: IPv6 [true], sendfile [true], accept filters [false], random [true].
10-Dec-2018 17:10:07.380 信息 [main] org.apache.catalina.core.AprLifecycleListener.lifecycleEvent APR/OpenSSL configuration: useAprConnector [false], useOpenSSL [true]
10-Dec-2018 17:10:07.386 信息 [main] org.apache.catalina.core.AprLifecycleListener.initializeSSL OpenSSL successfully initialized [OpenSSL 1.1.1  11 Sep 2018]
10-Dec-2018 17:10:07.443 信息 [main] org.apache.coyote.AbstractProtocol.init Initializing ProtocolHandler ["http-nio-8080"]
10-Dec-2018 17:10:07.574 信息 [main] org.apache.tomcat.util.net.NioSelectorPool.getSharedSelector Using a shared selector for servlet write/read
10-Dec-2018 17:10:07.588 信息 [main] org.apache.coyote.AbstractProtocol.init Initializing ProtocolHandler ["ajp-nio-8009"]
10-Dec-2018 17:10:07.593 信息 [main] org.apache.tomcat.util.net.NioSelectorPool.getSharedSelector Using a shared selector for servlet write/read
10-Dec-2018 17:10:07.594 信息 [main] org.apache.catalina.startup.Catalina.load Initialization processed in 691 ms
10-Dec-2018 17:10:07.668 信息 [main] org.apache.catalina.core.StandardService.startInternal Starting service [Catalina]
10-Dec-2018 17:10:07.669 信息 [main] org.apache.catalina.core.StandardEngine.startInternal Starting Servlet Engine: Apache Tomcat/9.0.13
10-Dec-2018 17:10:07.683 信息 [main] org.apache.catalina.startup.HostConfig.deployDirectory Deploying web application directory [C:\work\package\apache-tomcat-9.0.13-windows-x64\apache-tomcat-9.0.13\webapps\docs]
10-Dec-2018 17:10:08.128 信息 [main] org.apache.catalina.startup.HostConfig.deployDirectory Deployment of web application directory [C:\work\package\apache-tomcat-9.0.13-windows-x64\apache-tomcat-9.0.13\webapps\docs] has finished in [445] ms
10-Dec-2018 17:10:08.129 信息 [main] org.apache.catalina.startup.HostConfig.deployDirectory Deploying web application directory [C:\work\package\apache-tomcat-9.0.13-windows-x64\apache-tomcat-9.0.13\webapps\examples]
10-Dec-2018 17:10:08.673 信息 [main] org.apache.catalina.startup.HostConfig.deployDirectory Deployment of web application directory [C:\work\package\apache-tomcat-9.0.13-windows-x64\apache-tomcat-9.0.13\webapps\examples] has finished in [544] ms
10-Dec-2018 17:10:08.674 信息 [main] org.apache.catalina.startup.HostConfig.deployDirectory Deploying web application directory [C:\work\package\apache-tomcat-9.0.13-windows-x64\apache-tomcat-9.0.13\webapps\host-manager]
10-Dec-2018 17:10:08.722 信息 [main] org.apache.catalina.startup.HostConfig.deployDirectory Deployment of web application directory [C:\work\package\apache-tomcat-9.0.13-windows-x64\apache-tomcat-9.0.13\webapps\host-manager] has finished in [48] ms
10-Dec-2018 17:10:08.723 信息 [main] org.apache.catalina.startup.HostConfig.deployDirectory Deploying web application directory [C:\work\package\apache-tomcat-9.0.13-windows-x64\apache-tomcat-9.0.13\webapps\manager]
10-Dec-2018 17:10:08.767 信息 [main] org.apache.catalina.startup.HostConfig.deployDirectory Deployment of web application directory [C:\work\package\apache-tomcat-9.0.13-windows-x64\apache-tomcat-9.0.13\webapps\manager] has finished in [44] ms
10-Dec-2018 17:10:08.768 信息 [main] org.apache.catalina.startup.HostConfig.deployDirectory Deploying web application directory [C:\work\package\apache-tomcat-9.0.13-windows-x64\apache-tomcat-9.0.13\webapps\ROOT]
10-Dec-2018 17:10:08.808 信息 [main] org.apache.catalina.startup.HostConfig.deployDirectory Deployment of web application directory [C:\work\package\apache-tomcat-9.0.13-windows-x64\apache-tomcat-9.0.13\webapps\ROOT] has finished in [39] ms
10-Dec-2018 17:10:08.812 信息 [main] org.apache.coyote.AbstractProtocol.start Starting ProtocolHandler ["http-nio-8080"]
10-Dec-2018 17:10:08.823 信息 [main] org.apache.coyote.AbstractProtocol.start Starting ProtocolHandler ["ajp-nio-8009"]
10-Dec-2018 17:10:08.829 信息 [main] org.apache.catalina.startup.Catalina.start Server startup in 1233 ms
10-Dec-2018 19:04:46.875 信息 [main] org.apache.catalina.startup.VersionLoggerListener.log Server version:        Apache Tomcat/9.0.13
10-Dec-2018 19:04:46.885 信息 [main] org.apache.catalina.startup.VersionLoggerListener.log Server built:          Nov 2 2018 14:27:55 UTC
10-Dec-2018 19:04:46.886 信息 [main] org.apache.catalina.startup.VersionLoggerListener.log Server number:         9.0.13.0
10-Dec-2018 19:04:46.887 信息 [main] org.apache.catalina.startup.VersionLoggerListener.log OS Name:               Windows 10
10-Dec-2018 19:04:46.887 信息 [main] org.apache.catalina.startup.VersionLoggerListener.log OS Version:            10.0
10-Dec-2018 19:04:46.887 信息 [main] org.apache.catalina.startup.VersionLoggerListener.log Architecture:          amd64
10-Dec-2018 19:04:46.888 信息 [main] org.apache.catalina.startup.VersionLoggerListener.log Java Home:             C:\Program Files\Java\jdk-10.0.2
10-Dec-2018 19:04:46.888 信息 [main] org.apache.catalina.startup.VersionLoggerListener.log JVM Version:           10.0.2+13
10-Dec-2018 19:04:46.889 信息 [main] org.apache.catalina.startup.VersionLoggerListener.log JVM Vendor:            "Oracle Corporation"
10-Dec-2018 19:04:46.890 信息 [main] org.apache.catalina.startup.VersionLoggerListener.log CATALINA_BASE:         C:\work\package\apache-tomcat-9.0.13-windows-x64\apache-tomcat-9.0.13
10-Dec-2018 19:04:46.891 信息 [main] org.apache.catalina.startup.VersionLoggerListener.log CATALINA_HOME:         C:\work\package\apache-tomcat-9.0.13-windows-x64\apache-tomcat-9.0.13
10-Dec-2018 19:04:46.892 信息 [main] org.apache.catalina.startup.VersionLoggerListener.log Command line argument: --add-opens=java.base/java.lang=ALL-UNNAMED
10-Dec-2018 19:04:46.893 信息 [main] org.apache.catalina.startup.VersionLoggerListener.log Command line argument: --add-opens=java.base/java.io=ALL-UNNAMED
10-Dec-2018 19:04:46.893 信息 [main] org.apache.catalina.startup.VersionLoggerListener.log Command line argument: --add-opens=java.rmi/sun.rmi.transport=ALL-UNNAMED
10-Dec-2018 19:04:46.893 信息 [main] org.apache.catalina.startup.VersionLoggerListener.log Command line argument: -Djava.util.logging.config.file=C:\work\package\apache-tomcat-9.0.13-windows-x64\apache-tomcat-9.0.13\conf\logging.properties
10-Dec-2018 19:04:46.894 信息 [main] org.apache.catalina.startup.VersionLoggerListener.log Command line argument: -Djava.util.logging.manager=org.apache.juli.ClassLoaderLogManager
10-Dec-2018 19:04:46.900 信息 [main] org.apache.catalina.startup.VersionLoggerListener.log Command line argument: -Djdk.tls.ephemeralDHKeySize=2048
10-Dec-2018 19:04:46.902 信息 [main] org.apache.catalina.startup.VersionLoggerListener.log Command line argument: -Djava.protocol.handler.pkgs=org.apache.catalina.webresources
10-Dec-2018 19:04:46.903 信息 [main] org.apache.catalina.startup.VersionLoggerListener.log Command line argument: -Dignore.endorsed.dirs=
10-Dec-2018 19:04:46.904 信息 [main] org.apache.catalina.startup.VersionLoggerListener.log Command line argument: -Dcatalina.base=C:\work\package\apache-tomcat-9.0.13-windows-x64\apache-tomcat-9.0.13
10-Dec-2018 19:04:46.905 信息 [main] org.apache.catalina.startup.VersionLoggerListener.log Command line argument: -Dcatalina.home=C:\work\package\apache-tomcat-9.0.13-windows-x64\apache-tomcat-9.0.13
10-Dec-2018 19:04:46.905 信息 [main] org.apache.catalina.startup.VersionLoggerListener.log Command line argument: -Djava.io.tmpdir=C:\work\package\apache-tomcat-9.0.13-windows-x64\apache-tomcat-9.0.13\temp
10-Dec-2018 19:04:46.906 信息 [main] org.apache.catalina.core.AprLifecycleListener.lifecycleEvent Loaded APR based Apache Tomcat Native library [1.2.18] using APR version [1.6.5].
10-Dec-2018 19:04:46.907 信息 [main] org.apache.catalina.core.AprLifecycleListener.lifecycleEvent APR capabilities: IPv6 [true], sendfile [true], accept filters [false], random [true].
10-Dec-2018 19:04:46.908 信息 [main] org.apache.catalina.core.AprLifecycleListener.lifecycleEvent APR/OpenSSL configuration: useAprConnector [false], useOpenSSL [true]
10-Dec-2018 19:04:46.921 信息 [main] org.apache.catalina.core.AprLifecycleListener.initializeSSL OpenSSL successfully initialized [OpenSSL 1.1.1  11 Sep 2018]
10-Dec-2018 19:04:47.006 信息 [main] org.apache.coyote.AbstractProtocol.init Initializing ProtocolHandler ["http-nio-8080"]
10-Dec-2018 19:04:47.146 信息 [main] org.apache.tomcat.util.net.NioSelectorPool.getSharedSelector Using a shared selector for servlet write/read
10-Dec-2018 19:04:47.165 信息 [main] org.apache.coyote.AbstractProtocol.init Initializing ProtocolHandler ["ajp-nio-8009"]
10-Dec-2018 19:04:47.171 信息 [main] org.apache.tomcat.util.net.NioSelectorPool.getSharedSelector Using a shared selector for servlet write/read
10-Dec-2018 19:04:47.172 信息 [main] org.apache.catalina.startup.Catalina.load Initialization processed in 905 ms
10-Dec-2018 19:04:47.270 信息 [main] org.apache.catalina.core.StandardService.startInternal Starting service [Catalina]
10-Dec-2018 19:04:47.270 信息 [main] org.apache.catalina.core.StandardEngine.startInternal Starting Servlet Engine: Apache Tomcat/9.0.13
10-Dec-2018 19:04:47.288 信息 [main] org.apache.catalina.startup.HostConfig.deployDirectory Deploying web application directory [C:\work\package\apache-tomcat-9.0.13-windows-x64\apache-tomcat-9.0.13\webapps\docs]
10-Dec-2018 19:04:47.881 信息 [main] org.apache.catalina.startup.HostConfig.deployDirectory Deployment of web application directory [C:\work\package\apache-tomcat-9.0.13-windows-x64\apache-tomcat-9.0.13\webapps\docs] has finished in [593] ms
10-Dec-2018 19:04:47.882 信息 [main] org.apache.catalina.startup.HostConfig.deployDirectory Deploying web application directory [C:\work\package\apache-tomcat-9.0.13-windows-x64\apache-tomcat-9.0.13\webapps\examples]
10-Dec-2018 19:04:49.064 信息 [main] org.apache.catalina.startup.HostConfig.deployDirectory Deployment of web application directory [C:\work\package\apache-tomcat-9.0.13-windows-x64\apache-tomcat-9.0.13\webapps\examples] has finished in [1,181] ms
10-Dec-2018 19:04:49.065 信息 [main] org.apache.catalina.startup.HostConfig.deployDirectory Deploying web application directory [C:\work\package\apache-tomcat-9.0.13-windows-x64\apache-tomcat-9.0.13\webapps\host-manager]
10-Dec-2018 19:04:49.153 信息 [main] org.apache.catalina.startup.HostConfig.deployDirectory Deployment of web application directory [C:\work\package\apache-tomcat-9.0.13-windows-x64\apache-tomcat-9.0.13\webapps\host-manager] has finished in [88] ms
10-Dec-2018 19:04:49.154 信息 [main] org.apache.catalina.startup.HostConfig.deployDirectory Deploying web application directory [C:\work\package\apache-tomcat-9.0.13-windows-x64\apache-tomcat-9.0.13\webapps\manager]
10-Dec-2018 19:04:49.231 信息 [main] org.apache.catalina.startup.HostConfig.deployDirectory Deployment of web application directory [C:\work\package\apache-tomcat-9.0.13-windows-x64\apache-tomcat-9.0.13\webapps\manager] has finished in [77] ms
10-Dec-2018 19:04:49.232 信息 [main] org.apache.catalina.startup.HostConfig.deployDirectory Deploying web application directory [C:\work\package\apache-tomcat-9.0.13-windows-x64\apache-tomcat-9.0.13\webapps\ROOT]
10-Dec-2018 19:04:49.288 信息 [main] org.apache.catalina.startup.HostConfig.deployDirectory Deployment of web application directory [C:\work\package\apache-tomcat-9.0.13-windows-x64\apache-tomcat-9.0.13\webapps\ROOT] has finished in [56] ms
10-Dec-2018 19:04:49.292 信息 [main] org.apache.coyote.AbstractProtocol.start Starting ProtocolHandler ["http-nio-8080"]
10-Dec-2018 19:04:49.306 信息 [main] org.apache.coyote.AbstractProtocol.start Starting ProtocolHandler ["ajp-nio-8009"]
10-Dec-2018 19:04:49.313 信息 [main] org.apache.catalina.startup.Catalina.start Server startup in 2141 ms
